216652640878960522552873394709
290410217650314119074833254861
305858704835252413616501469037
104780906131535625872840889059
254957696184671649675053562027
305887072264491016857673607285
188209889686363159853715266493
153985109349433321657655488650
631047517458234322522264161877
116492508532884962903000261147
254929810944557499537650429296
259124675432205040899951626253
323753921818102744511069914832
272348349298439120568330857680
117383608379722740629083782428
267957701183569638795986183786
235217371152464582553341729176
211071908915618528829547301883
264251211689085893915477907261
177252583002664900748714851615
979083010707182900091062408058
219281726101239572270900838145
419601611032172899567156073142
470912100568074901744259213968
622243923620914676263059698181
227968442353440630355230778531
121993590721161347818774929286
725023183844147505748475581290
779493719385047675154892222907
624425075947752229712087113746
265775376735520890308424143898
100684836163890911914061745866
144883090372691745980459537053
188265424231150847356515802868
328789598898469177563438457842
153181766344026020914478182395
285926554490515269336267972830
272042302501586336192628818865
194632613233275988184244485809
304676828064484590312919543151
270951128717816232360812849541
247769845138587733933485039556
312127933722985204808706697221
868211851413924881662621747734
173931884906244951746140865701
822128649427327893802314908658
177985905159808659201278495182
269075535958871753309238331179
986011151772797848993829243183
503980049263254396021509831276
160216916075817913953530562493
102133688497886810253331438797
186021279664749879526003668137
312704771348460502013249647868
222052723822248889877676736332
776800177074349870648765614630
302403227435841351528721627052
805925269324902055566754756843
215785045378334625097907422785
286647622786041008124419915089
195557219224169985110295082004
139889514693390832525232698200
478062284228419671253422844986
313334055029671473836954456733
250397690690072950000431855143
126121460017257137098781143514
316900421002460665752357657094
592821488053137951302246128864
323535944958374186208096541480
183924380327950237519832859527
279953669991076107785464313394
161067514225109999586362698069
143412474064515942785157561636
193721075067404532739943086458
618434772073433276874225174904
154703816225841204080664115280
184019785706727365023450012318
320967206808467952819309001585
430109407146633213496148200410
280972147860943609388015648430
216252660192313507027754194207
265133389948279331857097127422
724251104254976962355686318345
340158437895922179455019686521
170706757615202213033480003264
504845428620607044098514803031
177086402277715068525592995222
390513733720659266816639651938
143622857676008763729469324839
162845309248822193437735868939
566816709786169715745131047975
339039410276356623209709113755
193408384740507320589857096592
122621219961396951727742490470
176638348958425792989125209419
268589491017129166376960414534
306112617218006614029386065035
137375498893536422914241295628
106419850406056634877579573537
877026508860018521147620598474
230675342744370103160629638194
194246472548954252250399902051
224465398054769500989828256685
518487185634324801733841260431
226456162308124493341905600418
204802250386343794613980417281
287966244644280690737019247886
229096941293122177107846044795
124154461048929153767743874565
199975006921901879512837687266
264090899378396711987322794314
266009527139315622265711325223
294120933998772507043263238704
262736997975960398949912434623
199171741859530285887752432478
334022941831199910030220864961
161855583909753609742728521805
603126300703296693942875967838
997611074084993415992563148335
333145094436144085379032922488
324649110927013926557500550446
733642690503782454656013446707
199261544234308780356714831537
296738183013079390785739615169
198016798894102791158686961192
271220641987745483198036913951
303865116731361029078599241306
246225645401227472829175288633
120196332569034738680965284519
955688628308192728558382581802
943403138251347598519939390311
276556509002726404418399209377
188376349804761988217597754952
569096986145782511000054443951
179730018513720561213088132029
280072876841890439628529365478
922852847124879997825997808179
311476128731958142981941696518
193808128386712859512130599234
927394449308471452920270961822
187694838527128312070807533473
277452631455527999380186898011
712472578497712558367294720243
315918264676377418120578391325
302134342469412607966016057827
120842785645314664964010792308
124656777236468248920498636247
297988578825170426663869669862
324567010179873305471925391582
315770913282450940389971401304
148229375703208214308676934766
176030616406569931557298712518
486999111981013268988489262668
100332161840553388986847034053
151669338315069779994664893123
252697338970999211181671881792
797637294244261543517154417124
328944769569002417592093467626
334105754605642100456249422350
710845873679853791427022019413
182192086929819295877506541021
268838889380981659524993261082
131150737314367975651717513386
146987333806092287055399155268
725236073737175770730904408416
398955972049286139436103068984
212608679077007918190529579976
188484197846284733942365679565
177685820605315926524514718990
130765375502800983459674173881
206539885154775002929031534291
310395752124284049604069960014
454273545863197752384437758130
138904664700896606480369521124
338447145504282422142824032832
292057261351416339496913597985
888615810685807330497715730842
229860476925100292554329427970
106630482085576298661469304872
229664630348267553620068691756
286217539434358186648717203667
439153572396640163898529626096
266581250778073944645044950856
334517907433161353885866806005
564534197011295112247542153557
333319057944372470283038483725
172845185165807139298420209778
223650122819238796121876338881
861997885565255340442123234170
234400932423244218697302970157
931383239747372227838946053237
336225579776978874775723463327
191266041369462391833537519639
203741923654363010377298352671
123654356399290048011621921476
170921541362033046216100409521
188385286346390202873004762827
952265563663939823135367733681
103115201714075993579787468219
139444426690868429919252698606
202187810895588720702176009630
217754016294471278921686508169
278660284797073139172446973682
123697637451437522065941162930
174449669706458092793093760291
112767175295249119452142211437
803808126682275425758092691689
245546033414728092794968890929
300136985030081433029390459071
766881513533845439335142582269
404364125369979066736354549484
251215764736737018371915284679
438308540025607517017949816111
121824995088859376862458155637
255999614855292116767517149228
229171189693734694696158152904
596908385953413160131451426904
129982010889624423230394257528
230416590143922549745658357505
226564372605239604660221582288
275986221854423197884953496664
252358625003143649770119512644
892375496445736188832556446335
297964221542942838344351735414
159665703190517688573100822213
183982839679953938397312236359
975254950136384517744116790879
244681063194071446501270815660
313835996725364342034830119490
130438550890816550994739120843
842980983137518332429408284002
156322145453198768801776721493
139577698050713461261415990027
296863826932699509516219450076
231002159523969307155990628066
141511313712034597336182402384
233652865358649579816568545171
194488534645348916700259325236
314789075871001236641548593165
304700823314998198591652152637
329326052298830421573852261436
162718361851587451505896742103
219254430927834326484477690403
309955999522338651429118207446
172573195301625265149778785969
185226274332527104841463955058
134370886216012873213579659366
550599855064600241623943717588
277662902666135640561346462196
195913706607582347421429908613
168037818448885856452592057286
279300249795483097365868125932
227796349777753378641347819780
275849601663847251574860892603
747803439040091794717626507402
118140393257625250121502185026
183056151780567460322586876100
249032660919473722154870746474
286627485198831346082954437212
275755514659958628040305922764
113679818447732724990336702075
246758220302211646532176593724
616033753016904899083676284739
106164978370116976238911317774
241717018262666382493757419144
238019241099704094018548301753
109882169963817627559804568094
299806338046301317870803017534
487268565754493433372433148666
171177995014336749670107905732
204303454658845815034433453512
107109359065300889765026303943
669435869708883155232318480131
137773550852881583165286615668
106379658920626694402549886949
176362912420491262783064585333
330425234131526435132846006585
908250781706513856628130123235
286061375572911414226912429210
286422846896797433168187085942
905371958588660410240398317235
295298571102631191572192562523
385151742584074711135621089321
329624439086643515259182406526
268030488196493755113553009785
239358021703233250639913775427
669518152156802508672627785405
201890795870532056891161597218
826812708000318290301835871780
802595762867498341201607992711
330643702676971528301859647742
143813757344903170810482790787
144438612068946916340281098509
122914038048856168343065566972
752756872840730509471096155114
136830368929967292376608088362
655242448149322898770987310561
692598144815688523679745963696
208511362832825683639135205368
803987517543436570820681016103
898642529028521482602829374444
900182736599353600185270496549
249450003033735700817635168066
132817748896065918417924920957
111496024928645603833332252962
221017801605543296514746423389
321465552859463184018938648244
202643836890896697853521610450
126264578931778258890371755354
686193079844756926365065559979
316393351033132458296975008261
293757615532132808762625441831
832260670372728970918746541371
511347030803753100045216493273
250481236093201801255751845296
138674679709964033277400089532
204287915902811325371247860532
397202838387416555106806022938
329404588567903628160652715124
138080888843357047811238713686
338875090785618956575597613546
276351267409869539593937734609
107351566259572521472765997306
257515388956260258681136624817
199282854229880908602362094937
104562737760173137525888934217
238042459915048190592571019348
122763913896761494371822656720
245248446973732759194067808002
238522526736091851696274044574
140253591510022414496468423138
145759169833745025756371695397
339142594937666268384335506819
301462380687644451483231621986
175318131822744218104175746898
211051626197585058967163339846
690929968028676628605553365896
313756547848086902190878548835
129055977637338639741695800950
100620385482151095585000946543
214800939017429618305208626314
124663713663969377020085460568
326057189095429101398977448288
558286136379689377915919180358
866845763956586959109892274084
416701701108520592702405866796
145283812746259413053188838096
771741891125176943862272696845
219349715895470349269596532320
108231420525711026834210228428
235364978775280910367690540811
267519732763035023633235877753
259453428008507791234730686014
302557165094691896097534021075
233001470265230594739708503198
436403998650924660479049012235
208737629504245244513001631764
885292267869246639232975687131
202464973819273687476049035824
179049373636438705059720603192
226152078193253087875725735761
241570579760883349458693655367
232071262560365924176679652948
254473943359963613733707320244
336102335330125765000317290445
664989286137882319237192185951
150684298696437181894923266019
100953483028192176989979435275
397062004302272014259317520874
203425588524695836343069893813
101228986346984399347858840086
309955814083231537823157605135
138894439026794145866157853158
116097642684124305074876564522
621916089407825046337959219998
223098610241551815995595311693
183184435049555024219115904825
743969234977916254223533321294
658611160253017715059194304729
171682845383273105440297561095
164790817284381538042494285101
780558315515979171413904604168
265570697208310960298668720669
168833925301530155818375859047
413896555982844732694353377538
272259794130271010519952623746
390009458146468860187238398197
219087313261026510628926082729
270788655216695628640355888562
297433269262659217151107535012
341557859428950960906150406596
205852555362702089950453265567
625270601160880745954773142570
231645134739451754302647733304
174692377730646477496286081479
227885601428639043345478571594
330043769832606379655473292782
307921770358136677021532761235
161821150841552408667852639317
187803155574314810830688534991
170052181746004939527661217512
323302986710576400812869264321
253322967203074795232627653819
147325126373007278009743173696
314836406260772370397541392345
265960756233787099041040311282
191301539558980174217770205256
319066480138812986026181758474
156016499715048493339281864474
428038562098395445838061018440
450501966058662668272378865145
113586291551175790743673929831
756684168227383088294595834066
161633200801003804714818844696
300271604576987336866436407488
745109871503276594185453478952
243094273518213382155770295147
627998298349675613581885874395
232058316950007760548968840196
121805476976020513950614465787
244447966386688625240438849169
167661207884826429102690781600
315214756157389122376518747372
613212850444255764524630781782
674809958213117379592437424616
197987940182806628828566429132
130036599816889919308975074972
826829446346820089862659555750
272190966764020277652079081128
310626494937915759224334597176
340012777775661021262977442176
141430002307216644912805017227
280125803152924778388346920341
178680586845223339579041794709
244442540088515471945035689377
291539125579672469833850180824
218476624578721885561483687176
316911475886263032009840828684
217697417596902141600884006982
939152384493874708850321969356
252709517998555732486024866345
150097650621090951325113116280
178391668569567816549737454720
265780642925621389994857727416
271307051432838466826189754230
306140003699110313373771452136
187108608022306504546286626125
213140617640021803112060161074
240969450540588211676803094518
105756658031515062000744821260
255409701134762680010928250229
102681962408431413578140925249
313605260055394498989743099991
237428977311365557972720635401
970428941353693253759289796610
210426531621179400035178209430
108197895896446896160048741492
179209990684978588019929720099
272123398257168239653655006815
129567032250534530765928856531
300246184547502297539521283806
179162671133894061547290922949
300270516469599170290456821227
513023675145166449943177283490
939216568327879462530496768794
249314567767437206995861966896
248425363469507808613979846863
121108220866971173712229588402
307946352302138765071461362398
553241901808946577644850294647
108193664222196923321844991231
336894364358709782463716339027
241083615484551649610616348856
117040183261056772902616195387
269689294231892620436462818860
173106154739244262091404659845
236698827306171960683086245994
128059192202504367870633619224
944888107209008719031293531091
174168737938619557573021395302
229960820686439513664996214638
170825539570536865106681134236
160124400349792614505500125883
268992195564407418480563388746
174935793360491516757154875981
199670099218798685977406484591
146603910507557786636779705509
395623571499047043765181005112
336198008634390022174744544656
141345499716190654505508410197
270152671889301412052226973069
449254134266555649028108149727
188059920088313909273628445208
657775098760536289051744981056
215640837032688688030770057224
465032801496479029639448332481
200841000324240313648595016964
275007193025729362844652516689
309901913847714156367981722205
220596530836092324070084384692
664409965623578819357819577077
323859712968543712594665815359
226889213794065160713547677129
105495028985881418176186711228
194440094986948071643661798326
225227615446398900698431118292
128023902651233986592378348912
252634638822000832774167856951
335866409407244673864352309754
221945191226273284587353530424
249404938669582150398726875826
200513183558872708878454294671
154837327827713479309898027966
179683407589764683292800449011
184412674007117333405073397832
145510611155363050427743946446
137763212752154081977261297097
323899724653546164058849558431
210837812047373739447725050963
244204120220889433826451158706
504324996863016748259361352296
237915456403882324748189195892
242624386080831911167122628616
115386642382564804180764325545
309672797925724868457151381131
308153138776443962077214577161
114249388265341701207347458535
320111824803959660037459294083
141149610914910880857802344415
206097113343059612247503064658
317613170669207528926259976488
663019255629770796363333877035
162351539386551708034407968929
716498695101447665580610403574
213022585153512920098588556742
143782059748737055784173697516
337845202462615014431060697507
525937963993475482158828421281
119806527488108718706404165837
111017101339429664883879536171
125356649712550043958727288500
270215889102603268207599305185
231834776365874788440767645596
387954549120924524005910602207
202811684116768680758082619196
259018373683540453277752706262
185154482385982570363528682299
330544495001617450666819906758
458525794434429386945463560826
142154819868944114554521645782
277445975068759205899107114231
253317247142837717905329340520
204566802718283633558802774757
338114620394879648539943280992
417815314896088956784723476543
134996872583497382954024478441
888291896309937415860209787179
179943248049071805421192715219
897684031374557757145405000951
282779922503707013097174625409
226383054119800793308721198594
334184846571549530235084187602
242761658169703141430370511586
143410010885830403003179808334
190298296009658115773239776160
200558451375970945040979397866
247816269490470394602288565775
675543413149938600000570588203
961063442349005937536597225349
140527383975300992150799777603
214252223927572015414741039150
191617711875409989053242965150
281967919138248195763602360723
296066944953051278419805374238
257840703452266097926250569223
140239815496047437552471323962
100398138793540579077826395208
561423049201987049884663740668
259227883564429312164962953756
749871569713868632259874663577
301582691063019848479942618641
837810280808122125183730411210
776429308535398795601496131524
138813197521718693188313387015
300146276266881736689307479986
135657246677982059395844827629
193964947698259739624715468431
171667800241622018839592854574
153536305742006952753134773630
174907798609768549012640380786
219618492426142913407827034169
292049618819567427252971059233
272961322147784625028175033640
323541312620128092852212458228
129650136453746261130135157590
367204840301639918160517361062
765930210026773090100532964804
308655308958459380153492314021
314519596680450457855054746285
256542095129414948017808425649
771831598853841017505646275338
339484970190920330170416228517
168605638657404145360275453085
190144948425835566841437565646
163901773171373940247829492387
192256506776434538421891524301
282512043257574309474415322775
145474881373882284343459153872
311236942972970815890902714604
801945620899034889998809817499
169128136262002764211589185953
325164338773720548739146851679
187451715205085403623595258748
338104567770715523699587505022
774060103415303828812229821954
167237290696350215427953159586
443400977949406454649939526179
211956804948320236390242845468
300392272203629213913702120739
100225287222365663678666836860
216526102138308489357443843021
206028343897359374907954580114
292194861362266467652267941663
198698492013538481395497694975
910607280658963002048724648683
190937805243443708408459490152
194465340552956447447896167830
142485715518010940961688015191
910757789941076242457816491305
164988920331211858091402361989
156821379677057223126714881626
276710697414087561012670296643
935683764293840351008008793409
249530219848512542668813996730
254254303842550572473665729969
173101104804533997398137418032
317087518531899043292346860596
308183340111270052562662456038
121391737347333465796214915391
125067060506283419853742462394
246178337114401749164850220976
149893110752986700464921264055
741709061958490690246385302477
246589849815292078281051154201
332829333783605240302521201463
205615524269596458818376243313
994459772950022352718462251777
139595277234735528205899724196
159996104466052855396410079250
216882370221919561230873289517
248357157975955379661896491341
162207236104936931957809623059
332453873575389860371315979768
177888806135892723698313903329
311981398931043315779172047718
167500254299688235071950909530
163217526257871051722166468085
168737928729363683423228050295
281489753704424911132261151767
463214953282361219537913355115
297251044869095073091780740645
373433682859788429397781158572
219909753224298157409438012179
299476369290630280560355838785
134638281277099121660656324702
148447286464082095534651426689
850739282072340578344345230132
199220738144407033276946096708
910435939545691201820711078950
319009811633846643966578282371
209269973797560820442292189762
253283426904813468115158375647
139258777898746693365877042411
177785764461425908755977367558
248360766706804179966476685510
970264865033574190975654369557
205523326998654833765855998037
134519406153127654901640638633
192419869605596446455526220766
205993750485568250373835565680
306788423710427765311352901943
724562063158320418413995627171
219428004988664846407984058588
885168397833922082085837240429
608029415915051219877530734559
217589936421986638139451480826
106719103982792863757268101375
217955041973656886482758642958
670107649586205629860363487713
215104063467523905369326175410
707218743153927597786179232739
270390050141765094612147226290
114914167428485563471327801935
300693623747082239407271583452
472487466001405705666001578363
303066851236267189733420290986
323426705628838942177546503237
139713436241461669335487719526
261678072503577216586082745513
799582546798528864710752164515
173556680294801532247454313511
259543921154154401875872845498
483655032093002252444764787700
258220324170977900491673635112
244590453955380448651329424024
159521777966998275980367008904
980362852713685276785310240144
965620538050807352935663552285
225154811831720426832024114593
