250438451287314206124484591986
404457313935200882843898832756
160586340600816116143631200450
584871944187559733312703328980
288701997968615460794642979503
313283554967554803238484128406
109002525524522225658609808059
397522780537301776672854630421
188619674701053082195613114069
207341668080525761926965850679
125124219978170516876304987559
222087811960706096424718056430
230491296081537726468075344411
245349763807614756148761326488
287560874054243719452635194040
144943344795414353192059796098
228934821089041845791238006047
261700367741314729940340271960
331211682377519763144559212009
283878926524838648426928238498
126631670596873065041988320084
116703382344406837243058680403
133132722052053001903031735878
199069398344356765037879821616
163931625580639955914619627409
339546614783708685476232944897
161002239822118346732951898613
321935195060268166151738328001
337005960787660957389988207064
213854687290736562463866711534
290135156874098366424871975734
447468612991222399440694673357
479402560265137632920333093071
110678335949765929063942738609
964952370561266624992539111877
897161587681142256575045076919
652347820272212119124022644822
126704785377921920210612476953
194766721609772924944646251928
167919147233131417984739058859
257383535269991165447822992959
957384617596077920906744920611
324290109423920971676288828329
293593766328917170359373773080
161073793312426102774780216551
232011770495640253949434620907
254138388912084634057282064266
299767339686526858593516834230
259123825760999546551970425757
328695385904874796172316226975
315187221221054114974341475212
283733738239331719775105586296
183843376225716802567192412456
114218724025049818743426522343
131939324905446238286154504249
765459236550358748053283544075
394470743585708729682444806008
897279226481700053115245043064
362762275895885013176610377950
111258527162678142285870245028
133378195429627807109985347209
291156498203266896953765649282
172243743899615313644757844726
768276876111112560631432843476
230078008964732806419498631442
750792629100457382099842515038
148935306123327835217659769212
119304665257760307862874140576
200725988589959521302320481687
147250707071097813243473865421
440226700369921575481834344455
693480911433291675609148051914
303421828981831854739626597495
247060297988514823071467295949
238855414831158993232534884296
295462530340364058116953738925
262873069163227096134627700599
189483585244687808087477024767
141069661700670042960678408762
339882192295517122002429068974
113697708991260454310623082679
969607480572818589276327766720
273525289046256012743471155680
814122498113547115932318256859
292576688635952269497781991202
307835307280028057486413359377
212346425055214308006918165305
151764021165118974848436095034
401389720232123950202941034290
603166427542096384265514998412
534006575256943390479252771547
220205300714852483483213840572
146429221666426688999739595820
227707494413800460340110762069
274052674198758621258447180130
475325201787910087416720919680
278010349511857248000260557753
149463915556499304732434215056
640729228179368154416184318668
466284753932369813717081722101
111172165674661221381920536987
119515474430718803379832249911
561458563853929400124470098603
294188507421106424248264912111
203179378754043776171267611064
323408652979949774528873200770
310548927038333190233889983845
392861216720727557882279374324
250863365157630276148828903732
461155505515403114280165935891
124822907934319930841506266464
334166493392278943610545989413
882070241245008756731854510592
168985655485163461062675655739
671278273674156798801285503514
176869045992276345870480098568
346115813056769250958550383763
240630002689062442926543993263
153646219551578201092527860224
153732973534937692357111055819
129007566048223160327836686225
114195693932194925962391697338
975426625618184773401026809852
200837896655745926888305239398
152706273988004688708784163325
119209873306155771318545953948
197063290812663596858124411210
948414623428298219623354433437
187966156856911682643615997798
481278873893653517789960724156
171919524048654494439256263785
792381786708289670758399079830
306520140119968755187868602181
265453131727473342790950829556
292994770358625142596171316474
149041668385192796520281592139
855232435861303786204450738044
283569726884265181140892667131
295420274214095686326263147663
272344603176687884771013620823
534083630500464995109143618896
215086589927307766627151367533
233433352108264931671753343044
112740418331256326754121315800
487745546557477250336016826588
557875302364105947813979213632
842317928015463083368074520378
614147706162329660656328811671
306948744223170422945185006551
701514276942509393419164159551
463588161905537526756964393219
228511122591230092662900221600
163994693532965040247348251579
152684536713461901635595118048
202476538079060560282495099956
162901839201654862079549658100
202283133206014258077705539227
227962600322799211676960828223
237215747217294006286437405216
811825890493256320617655474043
111780708132595903430640048766
156579001330474859527530187095
196251645377731223510086726530
275766318636944297772360944907
306558074682524259000586270818
182798854785392200340436516930
414288023902112119945238126594
225515255547637437801620523312
404768898286087278137462774930
100530488926682752765845212286
946129570505893110165820050204
252814707117018427472206147014
100621383016233746780170740405
128881800399702510818644205032
325580698241281352835338693869
127965161564033605177803085629
619372068417051974713149104919
154677396354641150280013275227
245391706475696258069508046497
